<?xml version="1.0" encoding="UTF-8"?>
<!-- Generated by org.testng.reporters.JUnitReportReporter -->
<testsuite hostname="DELL-PC" name="gitTest.GitTest" tests="1" failures="0" timestamp="19 Jul 2019 05:08:23 GMT" time="10.270" errors="0">
  <testcase name="data" time="10.270" classname="gitTest.GitTest"/>
</testsuite> <!-- gitTest.GitTest -->
